<?xml version="1.0" encoding="UTF-8"?>
<!-- Generated by org.testng.reporters.JUnitReportReporter -->
<testsuite hostname="operationss-MBP" name="runners.TestRunner" tests="1" failures="0" timestamp="25 Oct 2017 12:12:01 GMT" time="52.369" errors="0">
  <testcase name="run_cukes" time="52.369" classname="runners.TestRunner"/>
</testsuite> <!-- runners.TestRunner -->
